make.exe all --print-data-base --no-builtin-variables --no-builtin-rules --question
# GNU Make 3.81
# Copyright (C) 2006  Free Software Foundation, Inc.
# This is free software; see the source for copying conditions.
# There is NO warranty; not even for MERCHANTABILITY or FITNESS FOR A
# PARTICULAR PURPOSE.

# This program built for i386-pc-mingw32
 

# Make data base, printed on Thu Aug 18 12:44:25 2022

# Variables

# automatic
<D = $(patsubst %/,%,$(dir $<))
# automatic
?F = $(notdir $?)
# makefile
MAKEFLAGS = Rrqp
# automatic
?D = $(patsubst %/,%,$(dir $?))
# automatic
@D = $(patsubst %/,%,$(dir $@))
# environment
HOMEDRIVE = C:
# automatic
@F = $(notdir $@)
# automatic
^D = $(patsubst %/,%,$(dir $^))
# makefile
CURDIR := c:/DESENVOLVIMENTO/Golang Projects/fc-bank
# default
SHELL := sh.exe
# environment
WINDIR = C:\Windows
# environment
VSCODE_NLS_CONFIG = {"locale":"pt-br","availableLanguages":{"*":"pt-br"},"_languagePackId":"8e7a008e83c664b9876a8f72ff0490ae.pt-br","_translationsConfigFile":"C:\\Users\\Rafael\\AppData\\Roaming\\Code\\clp\\8e7a008e83c664b9876a8f72ff0490ae.pt-br\\tcf.json","_cacheRoot":"C:\\Users\\Rafael\\AppData\\Roaming\\Code\\clp\\8e7a008e83c664b9876a8f72ff0490ae.pt-br","_resolvedLanguagePackCoreLocation":"C:\\Users\\Rafael\\AppData\\Roaming\\Code\\clp\\8e7a008e83c664b9876a8f72ff0490ae.pt-br\\e4503b30fc78200f846c62cf8091b76ff5547662","_corruptedFile":"C:\\Users\\Rafael\\AppData\\Roaming\\Code\\clp\\8e7a008e83c664b9876a8f72ff0490ae.pt-br\\corrupted.info","_languagePackSupport":true}
# environment
ONEDRIVE = C:\Users\Rafael\OneDrive
# environment
PATHEXT = .COM;.EXE;.BAT;.CMD;.VBS;.VBE;.JS;.JSE;.WSF;.WSH;.MSC
# makefile (from `makefile', line 1)
MAKEFILE_LIST :=  makefile
# environment
TMP = C:\Users\Rafael\AppData\Local\Temp
# environment
VSCODE_AMD_ENTRYPOINT = vs/workbench/api/node/extensionHostProcess
# environment
PROGRAMW6432 = C:\Program Files
# environment
PROGRAMDATA = C:\ProgramData
# environment
VSCODE_CWD = C:\Users\Rafael\AppData\Local\Programs\Microsoft VS Code
# environment
GOPROXY = https://proxy.golang.org,direct
# environment
PATH = C:\Users\Rafael\sdk\go1.19\bin;C:\Program Files\Common Files\Oracle\Java\javapath;C:\Windows\system32;C:\Windows;C:\Windows\System32\Wbem;C:\Windows\System32\WindowsPowerShell\v1.0\;C:\Windows\System32\OpenSSH\;C:\Program Files\Git\cmd;C:\Program Files\nodejs\;C:\Program Files\dotnet\;C:\Program Files\Microsoft SQL Server\Client SDK\ODBC\170\Tools\Binn\;C:\Program Files\Go\bin;C:\Program Files (x86)\Microsoft SQL Server\150\DTS\Binn\;C:\Program Files\Azure Data Studio\bin;C:\Program Files\Amazon\AWSCLIV2\;C:\Program Files\Amazon\SessionManagerPlugin\bin\;C:\Program Files\Docker\Docker\resources\bin;C:\ProgramData\DockerDesktop\version-bin;C:\ProgramData\chocolatey\bin;C:\Users\Rafael\AppData\Local\Microsoft\WindowsApps;C:\Users\Rafael\AppData\Local\Programs\Microsoft VS Code\bin;C:\FLUTTER\bin;C:\KUBERNETES;C:\Program Files\MongoDB\Server\5.0\bin;C:\Users\Rafael\AppData\Roaming\npm;C:\Users\Rafael\.dotnet\tools;C:\DESENVOLVIMENTO\.NET\FERRAMENTAS;C:\Users\Rafael\go\bin;C:\Program Files\PostgreSQL\14\bin;C:\Program Files\Azure Data Studio\bin;C:\Program Files (x86)\GnuWin32\bin;C:\protoc-21.5-win64\bin;C:\ProgramData\chocolatey\lib\mingw\tools\install\mingw64\bin;
# environment
COMMONPROGRAMW6432 = C:\Program Files\Common Files
# environment
CHOCOLATEYLASTPATHUPDATE = 133053110327989153
# environment
PROCESSOR_ARCHITECTURE = x86
# environment
USERPROFILE = C:\Users\Rafael
# environment
CHOCOLATEYINSTALL = C:\ProgramData\chocolatey
# environment
ALLUSERSPROFILE = C:\ProgramData
# environment
GOPATH = C:\Users\Rafael\go
# environment
NUMBER_OF_PROCESSORS = 8
# environment
ELECTRON_RUN_AS_NODE = 1
# default
.FEATURES := target-specific order-only second-expansion else-if archives
# automatic
%F = $(notdir $%)
# environment
CHROME_CRASHPAD_PIPE_NAME = \\.\pipe\crashpad_1004_ILPCBWQTLKIZEWOB
# environment
COMPUTERNAME = WIN-11
# environment
PROGRAMFILES = C:\Program Files (x86)
# environment
DRIVERDATA = C:\Windows\System32\Drivers\DriverData
# environment
ORIGINAL_XDG_CURRENT_DESKTOP = undefined
# environment
USERNAME = Rafael
# environment
PUBLIC = C:\Users\Public
# environment
GOMODCACHE = C:\Users\Rafael\go\pkg\mod
# environment
VSCODE_CODE_CACHE_PATH = C:\Users\Rafael\AppData\Roaming\Code\CachedData\e4503b30fc78200f846c62cf8091b76ff5547662
# environment
APPLICATION_INSIGHTS_NO_DIAGNOSTIC_CHANNEL = 1
# 
 environment
COMMONPROGRAMFILES = C:\Program Files (x86)\Common Files
# environment
LOGONSERVER = \\WIN-11
# environment
VSCODE_HANDLES_UNCAUGHT_ERRORS = true
# environment
USERDOMAIN = WIN-11
# default
MAKE = $(MAKE_COMMAND)
# default
MAKECMDGOALS := all
# environment
JAVA_HOME = C:\Program Files\Java\jdk-17
# default
MAKE_VERSION := 3.81
# makefile
.DEFAULT_GOAL := gen
# environment
PROGRAMFILES(X86) = C:\Program Files (x86)
# automatic
%D = $(patsubst %/,%,$(dir $%))
# environment
LOCALAPPDATA = C:\Users\Rafael\AppData\Local
# environment
PSMODULEPATH = C:\Program Files\WindowsPowerShell\Modules;C:\Windows\system32\WindowsPowerShell\v1.0\Modules
# default
MAKE_COMMAND := make.exe
# environment
PROCESSOR_ARCHITEW6432 = AMD64
# default
.VARIABLES := 
# automatic
*F = $(notdir $*)
# environment
PROCESSOR_IDENTIFIER = Intel64 Family 6 Model 158 Stepping 9, GenuineIntel
# environment
OS = Windows_NT
# environment
VSCODE_IPC_HOOK = \\.\pipe\6fc36de017ea23c8ae2ee399e8be2233-1.70.2-main-sock
# environment
HOMEPATH = \Users\Rafael
# environment
COMMONPROGRAMFILES(X86) = C:\Program Files (x86)\Common Files
# environment
PROMPT = $P$G
# environment
MFLAGS = -Rrqp
# automatic
*D = $(patsubst %/,%,$(dir $*))
# environment
SYSTEMROOT = C:\Windows
# automatic
+D = $(patsubst %/,%,$(dir $+))
# automatic
+F = $(notdir $+)
# environment
APPDATA = C:\Users\Rafael\AppData\Roaming
# environment
TEMP = C:\Users\Rafael\AppData\Local\Temp
# environment
COMSPEC = C:\Windows\system32\cmd.exe
# default
MAKEFILES := 
# automatic
<F = $(notdir $<)
# environment
LC_ALL = C
# automatic
^F = $(notdir $^)
# default
SUFFIXES := 
# environment
SYSTEMDRIVE = C:
# environment
SESSIONNAME = Console
# environment
PROCESSOR_REVISION = 9e09
# environment
MAKELEVEL := 0
# environment
LANG = C
# environment
PROCESSOR_LEVEL = 6
# environment
VSCODE_PID = 1004
# environment
USERDOMAIN_ROAMINGPROFILE = WIN-11
# variable set hash-table stats:
# Load=87/1024=8%, Rehash=0, Collisions=10/107=9%

# Pattern-specific Variable Values

# No pattern-specific variable values.

# Directories

# C:\FLUTTER\bin (key C:/FLUTTER/bin, mtime 1652466500): 9 files, no impossibilities.
# C:\Program Files\Common Files\Oracle\Java\javapath (key C:/Program Files/Common Files/Oracle/Java/javapath, mtime 1632591340): 6 files, no impossibilities.
# C:\Users\Rafael\go\bin (key C:/Users/Rafael/go/bin, mtime 1660758331): 11 files, no impossibilities.
# C:\Program Files\Docker\Docker\resources\bin (key C:/Program Files/Docker/Docker/resources/bin, mtime 1660245125): 13 files, no impossib 
ilities.
# C:\Program Files\Go\bin (key C:/Program Files/Go/bin, mtime 1654788531): 4 files, no impossibilities.
# C:\protoc-21.5-win64\bin (key C:/protoc-21.5-win64/bin, mtime 1660758061): 3 files, no impossibilities.
# C:\Program Files (x86)\Microsoft SQL Server\150\DTS\Binn\: could not be stat'd.
# C:\Windows\System32\WindowsPowerShell\v1.0\ (key C:/Windows/System32/WindowsPowerShell/v1.0/, mtime 1622915814): 29 files, no impossibilities.
# C:\Windows\System32\Wbem (key C:/Windows/System32/Wbem, mtime 1655320433): 170 files, no impossibilities.
# . (key c:/DESENVOLVIMENTO/Golang Projects/fc-bank, mtime 1660756766): 13 files, no impossibilities.
# C:\KUBERNETES (key C:/KUBERNETES, mtime 1642857646): 4 files, no impossibilities.
# C:\ProgramData\chocolatey\bin (key C:/ProgramData/chocolatey/bin, mtime 1660837441): 12 files, no impossibilities.
# C:\Program Files\nodejs\ (key C:/Program Files/nodejs/, mtime 1645447347): 13 files, no impossibilities.
# C:\Users\Rafael\sdk\go1.19\bin (key C:/Users/Rafael/sdk/go1.19/bin, mtime 1660755397): 4 files, no impossibilities.
# C:\Program Files\PostgreSQL\14\bin (key C:/Program Files/PostgreSQL/14/bin, mtime 1658169842): 26 files, no impossibilities.
# C:\Windows\System32\OpenSSH\: could not be stat'd.
# C:\Users\Rafael\AppData\Local\Programs\Microsoft VS Code\bin (key C:/Users/Rafael/AppData/Local/Programs/Microsoft VS Code/bin, mtime 1660761766): 4 files, no impossibilities.
# C:\Windows (key C:/Windows, mtime 1660833166): 110 files, no impossibilities.
# C:\Program Files\Microsoft SQL Server\Client SDK\ODBC\170\Tools\Binn\ (key C:/Program Files/Microsoft SQL Server/Client SDK/ODBC/170/Tools/Binn/, mtime 1654797205): 7 files, no impossibilities.
# C:\Users\Rafael\AppData\Roaming\npm (key C:/Users/Rafael/AppData/Roaming/npm, mtime 1654636904): 24 files, no impossibilities.
# C:\Users\Rafael\.dotnet\tools (key C:/Users/Rafael/.dotnet/tools, mtime 1655484369): 5 files, no impossibilities.
# C:\Program Files\Azure Data Studio\bin (key C:/Program Files/Azure Data Studio/bin, mtime 1654800164): 4 files, no impossibilities.
# C:\Program Files\Amazon\SessionManagerPlugin\bin\ (key C:/Program Files/Amazon/SessionManagerPlugin/bin/, mtime 1658948218): 3 files, no impossibilities.
# C:\Program Files\dotnet\ (key C:/Program Files/dotnet/, mtime 1660091884): 13 files, no impossibilities.
# C:\ProgramData\chocolatey\lib\mingw\tools\install\mingw64\bin (key C:/ProgramData/chocolatey/lib/mingw/tools/install/mingw64/bin, mtime 1627494955): 84 files, no impossibilities.
# C:\DESENVOLVIMENTO\.NET\FERRAMENTAS (key C:/DESENVOLVIMENTO/.NET/FERRAMENTAS, mtime 1654709362): 3 files, no impossibilities.
# C:\Program Files\Amazon\AWSCLIV2\ (key C:/Program Files/Amazon/AWSCLIV2/, mtime 1658948167): 39 files, no impossibilities.
# C:\ProgramData\DockerDesktop\version-bin: could not be stat'd.
# C:\Program Files\Git\cmd (key C:/Program Files/Git/cmd, mtime 1632592606): 8 files, no impossibilities.
# C:\Windows\system32 (key C:/Windows/system32, mtime 1660833573): 2910 files, no impossibilities.
# C:\Users\Rafael\AppData\Local\Microsoft\WindowsApps (key C:/Users/Rafael/AppData/Local/Microsoft/WindowsApps, mtime 1659718792): 24 files, no impossibilities.
# C:\Program Files\MongoDB\Server\5.0\bin: could not be stat'd.
# C:\Program Files (x86)\GnuWin32\bin (key C:/Program Files (x86)/GnuWin32/bin, mtime 1660754265): 5 files, no impossibilities.

# 3560 files, no impossibilities in 33 directories.

# Implicit Rules

# No implicit rules.

# Files

# Not a target:
all:
#  Command-line target.
#  Implicit rule search has been done.
#  File does not exist.
#  File has not been updated.
# variable set hash-table stats:
# Load=0/32=0%, Rehash=0, Collisions=0/0=0%

# Not a target:
.DEFAULT:
#  Implicit rule search has not been done.
#  Modification time never checked.
#  File has not been updated.

gen:
#  Implicit rule search has not been done.
#  Modification time never checked.
#  File has not been updated.
#  commands to execute (from `makefile', line 2):
	protoc --proto_path=infra/grpc infra/grpc/protofile/*.proto --go_out=infra/grpc --go-grpc_out=infra/grpc
	

# Not a target:
makefile:
#  Implicit rule search has been done.
#  Last modified 2022-08-17 14:17:51
#  File has been updated.
#  Successfully updated.
# variable set hash-table stats:
# Load=0/32=0%, Rehash=0, Collisions=0/0=0%

# Not a target:
.SUFFIXES:
#  Implicit rule search has not been done.
#  Modification time never checked.
#  File has not been updated.

# files hash-table stats:
# Load=5/1024=0%, Rehash=0, Collisions=0/16=0%
# VPATH Search Paths

# No `vpath' search paths.

# No general (`VPATH' variable) search path.

# # of strings in strcache: 1
# # of strcache buffers: 1
# strcache size: total = 4096 / max = 4096 / min = 4096 / avg = 4096
# strcache free: total = 4087 / max = 4087 / min = 4087 / avg = 4087

# Finished Make data base on Thu Aug 18 12:44:25 2022

 
make.exe: *** No rule to make target `all'.  Stop.

